# JRE version: OpenJDK Runtime Environment (13.0.2+8) (build 13.0.2+8)
# Java VM: OpenJDK 64-Bit Server VM (13.0.2+8, mixed mode, sharing, tiered, compressed oops, g1 gc, windows-amd64)
Heap:
 garbage-first heap   total 65536K, used 20087K [0x0000000081c00000, 0x0000000100000000)
  region size 1024K, 4 young (4096K), 3 survivors (3072K)
 Metaspace       used 28570K, capacity 29474K, committed 29616K, reserved 1075200K
  class space    used 3399K, capacity 3727K, committed 3840K, reserved 1048576K
GC Heap History (20 events):
Event: 1.056 GC heap before
{Heap before GC invocations=0 (full 0):
 garbage-first heap   total 131072K, used 14336K [0x0000000081c00000, 0x0000000100000000)
  region size 1024K, 14 young (14336K), 0 survivors (0K)
 Metaspace       used 2924K, capacity 4845K, committed 5120K, reserved 1056768K
  class space    used 254K, capacity 443K, committed 512K, reserved 1048576K
}
Event: 1.063 GC heap after
{Heap after GC invocations=1 (full 0):
 garbage-first heap   total 131072K, used 8489K [0x0000000081c00000, 0x0000000100000000)
  region size 1024K, 2 young (2048K), 2 survivors (2048K)
 Metaspace       used 2924K, capacity 4845K, committed 5120K, reserved 1056768K
  class space    used 254K, capacity 443K, committed 512K, reserved 1048576K
}
Event: 2.427 GC heap before
{Heap before GC invocations=1 (full 0):
 garbage-first heap   total 131072K, used 19753K [0x0000000081c00000, 0x0000000100000000)
  region size 1024K, 13 young (13312K), 2 survivors (2048K)
 Metaspace       used 4211K, capacity 5554K, committed 5760K, reserved 1056768K
  class space    used 399K, capacity 530K, committed 640K, reserved 1048576K
}
Event: 2.431 GC heap after
{Heap after GC invocations=2 (full 0):
 garbage-first heap   total 131072K, used 9018K [0x0000000081c00000, 0x0000000100000000)
  region size 1024K, 1 young (1024K), 1 survivors (1024K)
 Metaspace       used 4211K, capacity 5554K, committed 5760K, reserved 1056768K
  class space    used 399K, capacity 530K, committed 640K, reserved 1048576K
}
Event: 2.932 GC heap before
{Heap before GC invocations=2 (full 0):
 garbage-first heap   total 131072K, used 35642K [0x0000000081c00000, 0x0000000100000000)
  region size 1024K, 27 young (27648K), 1 survivors (1024K)
 Metaspace       used 6950K, capacity 7686K, committed 7936K, reserved 1056768K
  class space    used 802K, capacity 988K, committed 1024K, reserved 1048576K
}
Event: 2.934 GC heap after
{Heap after GC invocations=3 (full 0):
 garbage-first heap   total 131072K, used 9553K [0x0000000081c00000, 0x0000000100000000)
  region size 1024K, 2 young (2048K), 2 survivors (2048K)
 Metaspace       used 6950K, capacity 7686K, committed 7936K, reserved 1056768K
  class space    used 802K, capacity 988K, committed 1024K, reserved 1048576K
}
Event: 3.617 GC heap before
{Heap before GC invocations=3 (full 0):
 garbage-first heap   total 131072K, used 50513K [0x0000000081c00000, 0x0000000100000000)
  region size 1024K, 42 young (43008K), 2 survivors (2048K)
 Metaspace       used 11081K, capacity 11617K, committed 11776K, reserved 1058816K
  class space    used 1317K, capacity 1510K, committed 1536K, reserved 1048576K
}
Event: 3.621 GC heap after
{Heap after GC invocations=4 (full 0):
 garbage-first heap   total 131072K, used 10821K [0x0000000081c00000, 0x0000000100000000)
  region size 1024K, 3 young (3072K), 3 survivors (3072K)
 Metaspace       used 11081K, capacity 11617K, committed 11776K, reserved 1058816K
  class space    used 1317K, capacity 1510K, committed 1536K, reserved 1048576K
}
Event: 5.228 GC heap before
{Heap before GC invocations=4 (full 0):
 garbage-first heap   total 131072K, used 85573K [0x0000000081c00000, 0x0000000100000000)
  region size 1024K, 76 young (77824K), 3 survivors (3072K)
 Metaspace       used 16041K, capacity 16717K, committed 16768K, reserved 1064960K
  class space    used 1876K, capacity 2139K, committed 2176K, reserved 1048576K
}
Event: 5.234 GC heap after
{Heap after GC invocations=5 (full 0):
 garbage-first heap   total 131072K, used 12501K [0x0000000081c00000, 0x0000000100000000)
  region size 1024K, 4 young (4096K), 4 survivors (4096K)
 Metaspace       used 16041K, capacity 16717K, committed 16768K, reserved 1064960K
  class space    used 1876K, capacity 2139K, committed 2176K, reserved 1048576K
}
Event: 5.995 GC heap before
{Heap before GC invocations=5 (full 0):
 garbage-first heap   total 131072K, used 64725K [0x0000000081c00000, 0x0000000100000000)
  region size 1024K, 56 young (57344K), 4 survivors (4096K)
 Metaspace       used 20435K, capacity 21167K, committed 21296K, reserved 1069056K
  class space    used 2363K, capacity 2644K, committed 2688K, reserved 1048576K
}
Event: 6.006 GC heap after
{Heap after GC invocations=6 (full 0):
 garbage-first heap   total 131072K, used 17621K [0x0000000081c00000, 0x0000000100000000)
  region size 1024K, 9 young (9216K), 9 survivors (9216K)
 Metaspace       used 20435K, capacity 21167K, committed 21296K, reserved 1069056K
  class space    used 2363K, capacity 2644K, committed 2688K, reserved 1048576K
}
Event: 6.451 GC heap before
{Heap before GC invocations=7 (full 0):
 garbage-first heap   total 65536K, used 47317K [0x0000000081c00000, 0x0000000100000000)
  region size 1024K, 38 young (38912K), 9 survivors (9216K)
 Metaspace       used 22742K, capacity 23535K, committed 23856K, reserved 1071104K
  class space    used 2621K, capacity 2900K, committed 2944K, reserved 1048576K
}
Event: 6.461 GC heap after
{Heap after GC invocations=8 (full 0):
 garbage-first heap   total 65536K, used 18704K [0x0000000081c00000, 0x0000000100000000)
  region size 1024K, 2 young (2048K), 2 survivors (2048K)
 Metaspace       used 22742K, capacity 23535K, committed 23856K, reserved 1071104K
  class space    used 2621K, capacity 2900K, committed 2944K, reserved 1048576K
}
Event: 6.915 GC heap before
{Heap before GC invocations=8 (full 0):
 garbage-first heap   total 65536K, used 47376K [0x0000000081c00000, 0x0000000100000000)
  region size 1024K, 31 young (31744K), 2 survivors (2048K)
 Metaspace       used 24783K, capacity 25594K, committed 25776K, reserved 1071104K
  class space    used 2910K, capacity 3209K, committed 3328K, reserved 1048576K
}
Event: 6.917 GC heap after
{Heap after GC invocations=9 (full 0):
 garbage-first heap   total 65536K, used 18203K [0x0000000081c00000, 0x0000000100000000)
  region size 1024K, 1 young (1024K), 1 survivors (1024K)
 Metaspace       used 24783K, capacity 25594K, committed 25776K, reserved 1071104K
  class space    used 2910K, capacity 3209K, committed 3328K, reserved 1048576K
}
Event: 7.615 GC heap before
{Heap before GC invocations=9 (full 0):
 garbage-first heap   total 65536K, used 49947K [0x0000000081c00000, 0x0000000100000000)
  region size 1024K, 32 young (32768K), 1 survivors (1024K)
 Metaspace       used 26670K, capacity 27550K, committed 27824K, reserved 1073152K
  class space    used 3182K, capacity 3513K, committed 3584K, reserved 1048576K
}
Event: 7.618 GC heap after
{Heap after GC invocations=10 (full 0):
 garbage-first heap   total 65536K, used 18918K [0x0000000081c00000, 0x0000000100000000)
  region size 1024K, 2 young (2048K), 2 survivors (2048K)
 Metaspace       used 26670K, capacity 27550K, committed 27824K, reserved 1073152K
  class space    used 3182K, capacity 3513K, committed 3584K, reserved 1048576K
}
Event: 107.199 GC heap before
{Heap before GC invocations=10 (full 0):
 garbage-first heap   total 65536K, used 49638K [0x0000000081c00000, 0x0000000100000000)
  region size 1024K, 32 young (32768K), 2 survivors (2048K)
 Metaspace       used 28453K, capacity 29346K, committed 29616K, reserved 1075200K
  class space    used 3396K, capacity 3727K, committed 3840K, reserved 1048576K
}
Event: 107.206 GC heap after
{Heap after GC invocations=11 (full 0):
 garbage-first heap   total 65536K, used 20087K [0x0000000081c00000, 0x0000000100000000)
  region size 1024K, 3 young (3072K), 3 survivors (3072K)
 Metaspace       used 28453K, capacity 29346K, committed 29616K, reserved 1075200K
  class space    used 3396K, capacity 3727K, committed 3840K, reserved 1048576K
}

